2015-12-02 03:50:17PM>[SQL]=
		insert into customers_error (id, searchkey, taxid,name, taxcategory, card, maxdebt, address,
		address2, postal,city, region, country, firstname, lastname,email, phone, phone2,
		fax, notes, visible, curdate, curdebt, email2, birth, vehicle, sex, point, postal2, 
		bike_brand, bike_type, tyre_brand, tyre_size, tyre_type, accu_brand, accu_type,
		oil_brand, brake_type, date_regis,date_exp,point_tmp )
		select id, searchkey, taxid,name, taxcategory, card, maxdebt, address,
		address2, postal,city, region, country, firstname, lastname,email, phone, phone2,
		fax, notes, visible, curdate, curdebt, email2, birth, vehicle, sex, point, postal2, 
		bike_brand, bike_type, tyre_brand, tyre_size, tyre_type, accu_brand, accu_type,
		oil_brand, brake_type, date_regis,date_exp,point_tmp 					
		from customers where id='064ccaf1-51c4-41b2-b45a-cb65afa8e4ed'
2015-12-02 03:50:17PM>[AFFECTED_ROWS]=1
2015-12-02 03:50:17PM>[SQL]=delete from customers where id='064ccaf1-51c4-41b2-b45a-cb65afa8e4ed'
2015-12-02 03:50:17PM>[AFFECTED_ROWS]=1
2015-12-02 03:50:17PM>[SQL]=update customers set curdate=now() where curdate is null or curdate='0000-00-00 00:00:00'
2015-12-02 03:50:17PM>[AFFECTED_ROWS]=0
2015-12-02 03:50:17PM>[SQL]=update customers set date_regis=now() where date_regis is null or date_regis='0000-00-00 00:00:00'
2015-12-02 03:50:17PM>[AFFECTED_ROWS]=0
2015-12-02 03:50:17PM>[SQL]=update customers set date_exp=now() where date_exp is null or date_exp='0000-00-00 00:00:00'
2015-12-02 03:50:17PM>[AFFECTED_ROWS]=0
2015-12-02 03:50:17PM>DONE
